<?xml version="1.0" encoding="UTF-8"?>
<!-- Generated by org.testng.reporters.JUnitReportReporter -->
<testsuite hostname="TYSS-Vyshale" failures="0" tests="1" name="parameters.PathParametersWorking" time="2.721" errors="0" timestamp="2024-09-10T12:42:45 IST" skipped="0">
  <testcase classname="parameters.PathParametersWorking" name="path" time="2.721"/>
  <system-out/>
</testsuite> <!-- parameters.PathParametersWorking -->
