<?xml version="1.0" encoding="UTF-8"?>
<!-- Generated by org.testng.reporters.JUnitReportReporter -->
<testsuite hostname="TYSS-Vyshale" failures="0" tests="1" name="responseValidation.ResponseValidationPart1" time="2.148" errors="0" timestamp="2024-09-13T14:46:37 IST" skipped="0">
  <testcase classname="responseValidation.ResponseValidationPart1" name="response" time="2.148"/>
  <system-out/>
</testsuite> <!-- responseValidation.ResponseValidationPart1 -->
