<?xml version="1.0" encoding="UTF-8"?>
<!-- Generated by org.testng.reporters.JUnitReportReporter -->
<testsuite hostname="TYSS-Vyshale" failures="0" tests="1" name="payloadTypes.Req_From_ExternalFile" time="1.863" errors="0" timestamp="2024-08-29T20:03:34 IST" skipped="0">
  <testcase classname="payloadTypes.Req_From_ExternalFile" name="createUser" time="1.863"/>
  <system-out/>
</testsuite> <!-- payloadTypes.Req_From_ExternalFile -->
