<?xml version="1.0" encoding="UTF-8"?>
<!-- Generated by org.testng.reporters.JUnitReportReporter -->
<testsuite hostname="TYSS-Vyshale" failures="0" tests="1" name="parameters.queryParamWorking" time="1.950" errors="0" timestamp="2024-09-10T15:02:11 IST" skipped="0">
  <testcase classname="parameters.queryParamWorking" name="working" time="1.950"/>
  <system-out/>
</testsuite> <!-- parameters.queryParamWorking -->
