<?xml version="1.0" encoding="UTF-8"?>
<!-- Generated by org.testng.reporters.JUnitReportReporter -->
<testsuite hostname="TYSS-Vyshale" failures="0" tests="1" name="reqres.com.CreateUser" time="1.459" errors="0" timestamp="2024-08-29T12:41:31 IST" skipped="0">
  <testcase classname="reqres.com.CreateUser" name="createAUser" time="1.459"/>
  <system-out/>
</testsuite> <!-- reqres.com.CreateUser -->
