<?xml version="1.0" encoding="UTF-8"?>
<!-- Generated by org.testng.reporters.JUnitReportReporter -->
<testsuite hostname="TYSS-Vyshale" failures="0" tests="1" name="reqres.com.UpdateUser" time="1.452" errors="0" timestamp="2024-08-29T13:19:36 IST" skipped="0">
  <testcase classname="reqres.com.UpdateUser" name="updateAUser" time="1.452"/>
  <system-out/>
</testsuite> <!-- reqres.com.UpdateUser -->
