<?xml version="1.0" encoding="UTF-8"?>
<!-- Generated by org.testng.reporters.JUnitReportReporter -->
<testsuite hostname="TYSS-Vyshale" failures="0" tests="1" name="payloadTypes.Req_From_String" time="1.720" errors="0" timestamp="2024-08-29T19:31:12 IST" skipped="0">
  <testcase classname="payloadTypes.Req_From_String" name="CreateUser" time="1.720"/>
  <system-out/>
</testsuite> <!-- payloadTypes.Req_From_String -->
