<?xml version="1.0" encoding="UTF-8"?>
<!-- Generated by org.testng.reporters.JUnitReportReporter -->
<testsuite hostname="TYSS-Vyshale" failures="0" tests="1" name="parameters.FormParameterWorking" time="2.966" errors="0" timestamp="2024-09-11T12:30:48 IST" skipped="0">
  <testcase classname="parameters.FormParameterWorking" name="form" time="2.966"/>
  <system-out/>
</testsuite> <!-- parameters.FormParameterWorking -->
