<?xml version="1.0" encoding="UTF-8"?>
<!-- Generated by org.testng.reporters.JUnitReportReporter -->
<testsuite hostname="TYSS-Vyshale" failures="0" tests="1" name="authentication.Preemptive" time="1.987" errors="0" timestamp="2024-09-11T16:13:29 IST" skipped="0">
  <testcase classname="authentication.Preemptive" name="working" time="1.987"/>
  <system-out/>
</testsuite> <!-- authentication.Preemptive -->
