<?xml version="1.0" encoding="UTF-8"?>
<!-- Generated by org.testng.reporters.JUnitReportReporter -->
<testsuite hostname="TYSS-Vyshale" failures="0" tests="1" name="authentication.DigestAuth" time="1.990" errors="0" timestamp="2024-09-11T16:10:41 IST" skipped="0">
  <testcase classname="authentication.DigestAuth" name="working" time="1.990"/>
  <system-out/>
</testsuite> <!-- authentication.DigestAuth -->
