<?xml version="1.0" encoding="UTF-8"?>
<!-- Generated by org.testng.reporters.JUnitReportReporter -->
<testsuite hostname="TYSS-Vyshale" failures="0" tests="1" name="petStore.com.CreatePetUsingHashMap" time="2.324" errors="0" timestamp="2024-09-11T12:25:37 IST" skipped="0">
  <testcase classname="petStore.com.CreatePetUsingHashMap" name="createPet" time="2.324"/>
  <system-out/>
</testsuite> <!-- petStore.com.CreatePetUsingHashMap -->
