<?xml version="1.0" encoding="UTF-8"?>
<!-- Generated by org.testng.reporters.JUnitReportReporter -->
<testsuite hostname="TYSS-Vyshale" failures="0" tests="1" name="petStore.com.CreateWishList" time="3.029" errors="0" timestamp="2024-09-04T13:19:56 IST" skipped="0">
  <testcase classname="petStore.com.CreateWishList" name="creation" time="3.029"/>
  <system-out/>
</testsuite> <!-- petStore.com.CreateWishList -->
