<?xml version="1.0" encoding="UTF-8"?>
<!-- Generated by org.testng.reporters.JUnitReportReporter -->
<testsuite hostname="TYSS-Vyshale" failures="0" tests="1" name="payloadTypes.Request_From_Pojo" time="2.079" errors="0" timestamp="2024-08-30T15:32:23 IST" skipped="0">
  <testcase classname="payloadTypes.Request_From_Pojo" name="createuser" time="2.079"/>
  <system-out/>
</testsuite> <!-- payloadTypes.Request_From_Pojo -->
