<?xml version="1.0" encoding="UTF-8"?>
<!-- Generated by org.testng.reporters.JUnitReportReporter -->
<testsuite hostname="TYSS-Vyshale" failures="0" tests="1" name="petStore.com.CreatePetUsingPojo" time="2.731" errors="0" timestamp="2024-09-03T11:24:46 IST" skipped="0">
  <testcase classname="petStore.com.CreatePetUsingPojo" name="petCreation" time="2.731"/>
  <system-out/>
</testsuite> <!-- petStore.com.CreatePetUsingPojo -->
