<?xml version="1.0" encoding="UTF-8"?>
<!-- Generated by org.testng.reporters.JUnitReportReporter -->
<testsuite hostname="TYSS-Vyshale" failures="0" tests="1" name="authentication.Basicauth" time="2.150" errors="0" timestamp="2024-09-11T16:07:48 IST" skipped="0">
  <testcase classname="authentication.Basicauth" name="auth1" time="2.150"/>
  <system-out/>
</testsuite> <!-- authentication.Basicauth -->
