<?xml version="1.0" encoding="UTF-8"?>
<!-- Generated by org.testng.reporters.JUnitReportReporter -->
<testsuite hostname="TYSS-Vyshale" failures="0" tests="1" name="parameters.FileUploadPractice" time="2.171" errors="0" timestamp="2024-09-11T12:51:32 IST" skipped="0">
  <testcase classname="parameters.FileUploadPractice" name="working" time="2.171"/>
  <system-out/>
</testsuite> <!-- parameters.FileUploadPractice -->
