<?xml version="1.0" encoding="UTF-8"?>
<!-- Generated by org.testng.reporters.JUnitReportReporter -->
<testsuite hostname="TYSS-Vyshale" failures="0" tests="1" name="payloadTypes.Payload_As_HashMap" time="2.147" errors="0" timestamp="2024-08-29T19:36:41 IST" skipped="0">
  <testcase classname="payloadTypes.Payload_As_HashMap" name="createUser" time="2.147"/>
  <system-out/>
</testsuite> <!-- payloadTypes.Payload_As_HashMap -->
