<?xml version="1.0" encoding="UTF-8"?>
<!-- Generated by org.testng.reporters.JUnitReportReporter -->
<testsuite hostname="TYSS-Vyshale" failures="0" tests="1" name="reqres.com.FetchUser" time="1.225" errors="0" timestamp="2024-08-29T12:45:18 IST" skipped="0">
  <testcase classname="reqres.com.FetchUser" name="fetchAUser" time="1.225"/>
  <system-out/>
</testsuite> <!-- reqres.com.FetchUser -->
