<?xml version="1.0" encoding="UTF-8"?>
<!-- Generated by org.testng.reporters.JUnitReportReporter -->
<testsuite hostname="TYSS-Vyshale" failures="0" tests="4" name="requestChaining.PetStore" time="6.153" errors="0" timestamp="2024-09-17T14:54:27 IST" skipped="0">
  <testcase classname="requestChaining.PetStore" name="createPet" time="2.449"/>
  <system-out/>
  <testcase classname="requestChaining.PetStore" name="deletePet" time="1.226"/>
  <system-out/>
  <testcase classname="requestChaining.PetStore" name="updatePet" time="1.395"/>
  <system-out/>
  <testcase classname="requestChaining.PetStore" name="fetchPet" time="1.083"/>
  <system-out/>
</testsuite> <!-- requestChaining.PetStore -->
