<?xml version="1.0" encoding="UTF-8"?>
<!-- Generated by org.testng.reporters.JUnitReportReporter -->
<testsuite hostname="TYSS-Vyshale" failures="0" tests="1" name="reqres.com.DeleteUser" time="1.517" errors="0" timestamp="2024-08-29T13:25:35 IST" skipped="0">
  <testcase classname="reqres.com.DeleteUser" name="removeUser" time="1.517"/>
  <system-out/>
</testsuite> <!-- reqres.com.DeleteUser -->
