<?xml version="1.0" encoding="UTF-8"?>
<!-- Generated by org.testng.reporters.JUnitReportReporter -->
<testsuite hostname="TYSS-Vyshale" failures="0" tests="1" name="payloadTypes.RequestFromPojo2" time="5.136" errors="0" timestamp="2024-08-30T15:40:30 IST" skipped="0">
  <testcase classname="payloadTypes.RequestFromPojo2" name="userCreation" time="5.136"/>
  <system-out/>
</testsuite> <!-- payloadTypes.RequestFromPojo2 -->
